2021-07-03 02:04:36,192:INFO:PyCaret Supervised Module
2021-07-03 02:04:36,192:INFO:ML Usecase: classification
2021-07-03 02:04:36,192:INFO:version 2.3.1
2021-07-03 02:04:36,192:INFO:Initializing setup()
2021-07-03 02:04:36,193:INFO:setup(target=target, ml_usecase=classification, available_plots={'parameter': 'Hyperparameters', 'auc': 'AUC', 'confusion_matrix': 'Confusion Matrix', 'threshold': 'Threshold', 'pr': 'Precision Recall', 'error': 'Prediction Error', 'class_report': 'Class Report', 'rfe': 'Feature Selection', 'learning': 'Learning Curve', 'manifold': 'Manifold Learning', 'calibration': 'Calibration Curve', 'vc': 'Validation Curve', 'dimension': 'Dimensions', 'feature': 'Feature Importance', 'feature_all': 'Feature Importance (All)', 'boundary': 'Decision Boundary', 'lift': 'Lift Chart', 'gain': 'Gain Chart', 'tree': 'Decision Tree'}, train_size=0.7, test_data=None, preprocess=True, imputation_type=simple, iterative_imputation_iters=5, categorical_features=['sex', 'cp', 'fbs', 'restecg', 'exang', 'thal'], categorical_imputation=constant, categorical_iterative_imputer=lightgbm, ordinal_features=None, high_cardinality_features=None, high_cardinality_method=frequency, numeric_features=None, numeric_imputation=mean, numeric_iterative_imputer=lightgbm, date_features=None, ignore_features=None, normalize=False, normalize_method=zscore, transformation=False, transformation_method=yeo-johnson, handle_unknown_categorical=True, unknown_categorical_method=least_frequent, pca=False, pca_method=linear, pca_components=None, ignore_low_variance=False, combine_rare_levels=False, rare_level_threshold=0.1, bin_numeric_features=None, remove_outliers=False, outliers_threshold=0.05, remove_multicollinearity=False, multicollinearity_threshold=0.9, remove_perfect_collinearity=True, create_clusters=False, cluster_iter=20, polynomial_features=False, polynomial_degree=2, trigonometry_features=False, polynomial_threshold=0.1, group_features=None, group_names=None, feature_selection=False, feature_selection_threshold=0.8, feature_selection_method=classic, feature_interaction=False, feature_ratio=False, interaction_threshold=0.01, fix_imbalance=False, fix_imbalance_method=None, transform_target=False, transform_target_method=box-cox, data_split_shuffle=True, data_split_stratify=False, fold_strategy=stratifiedkfold, fold=10, fold_shuffle=False, fold_groups=None, n_jobs=-1, use_gpu=False, custom_pipeline=None, html=True, session_id=None, log_experiment=False, experiment_name=None, log_plots=False, log_profile=False, log_data=False, silent=False, verbose=True, profile=False, profile_kwargs=None, display=None)
2021-07-03 02:04:36,193:INFO:Checking environment
2021-07-03 02:04:36,193:INFO:python_version: 3.8.8
2021-07-03 02:04:36,193:INFO:python_build: ('default', 'Apr 13 2021 15:08:03')
2021-07-03 02:04:36,193:INFO:machine: AMD64
2021-07-03 02:04:36,193:INFO:platform: Windows-10-10.0.18362-SP0
2021-07-03 02:04:36,193:INFO:Memory: svmem(total=17122095104, available=8876666880, percent=48.2, used=8245428224, free=8876666880)
2021-07-03 02:04:36,194:INFO:Physical Core: 4
2021-07-03 02:04:36,194:INFO:Logical Core: 4
2021-07-03 02:04:36,194:INFO:Checking libraries
2021-07-03 02:04:36,194:INFO:pd==1.2.4
2021-07-03 02:04:36,194:INFO:numpy==1.19.5
2021-07-03 02:04:36,194:INFO:sklearn==0.23.2
2021-07-03 02:04:36,194:INFO:lightgbm==3.2.1
2021-07-03 02:04:36,195:WARNING:catboost not found
2021-07-03 02:04:36,196:WARNING:xgboost not found
2021-07-03 02:04:36,659:INFO:mlflow==1.18.0
2021-07-03 02:04:36,659:INFO:Checking Exceptions
2021-07-03 02:04:36,659:INFO:Declaring global variables
2021-07-03 02:04:36,659:INFO:USI: db11
2021-07-03 02:04:36,659:INFO:pycaret_globals: {'create_model_container', 'gpu_param', 'pycaret_globals', 'fold_groups_param', 'log_plots_param', 'y_train', '_ml_usecase', 'master_model_container', '_internal_pipeline', 'display_container', 'logging_param', 'stratify_param', 'target_param', '_available_plots', 'USI', 'y', 'iterative_imputation_iters_param', 'fold_param', 'exp_name_log', 'fold_shuffle_param', 'prep_pipe', 'fold_generator', 'experiment__', 'y_test', 'data_before_preprocess', '_all_models', 'fold_groups_param_full', 'n_jobs_param', 'imputation_regressor', '_gpu_n_jobs_param', 'X', 'transform_target_method_param', 'X_test', 'html_param', 'fix_imbalance_method_param', 'X_train', 'seed', 'fix_imbalance_param', '_all_metrics', 'transform_target_param', 'imputation_classifier', '_all_models_internal'}
2021-07-03 02:04:36,659:INFO:Preparing display monitor
2021-07-03 02:04:36,659:INFO:Preparing display monitor
2021-07-03 02:04:36,673:INFO:Importing libraries
2021-07-03 02:04:36,673:INFO:Copying data for preprocessing
2021-07-03 02:04:36,683:INFO:Declaring preprocessing parameters
2021-07-03 02:04:36,684:INFO:Creating preprocessing pipeline
2021-07-03 02:04:36,695:INFO:Preprocessing pipeline created successfully
2021-07-03 02:04:36,695:ERROR:(Process Exit): setup has been interupted with user command 'quit'. setup must rerun.
2021-07-03 02:04:36,696:INFO:Creating global containers
2021-07-03 02:04:36,697:INFO:Internal pipeline: Pipeline(memory=None, steps=[('empty_step', 'passthrough')], verbose=False)
2021-07-03 02:04:38,101:WARNING:Couldn't import xgboost.XGBClassifier
2021-07-03 02:04:38,102:WARNING:Couldn't import catboost.CatBoostClassifier
2021-07-03 02:04:38,251:WARNING:Couldn't import xgboost.XGBClassifier
2021-07-03 02:04:38,252:WARNING:Couldn't import catboost.CatBoostClassifier
2021-07-03 02:04:38,253:INFO:Creating grid variables
2021-07-03 02:04:38,276:INFO:create_model_container: 0
2021-07-03 02:04:38,276:INFO:master_model_container: 0
2021-07-03 02:04:38,276:INFO:display_container: 1
2021-07-03 02:04:38,282:INFO:Pipeline(memory=None,
         steps=[('dtypes',
                 DataTypes_Auto_infer(categorical_features=['sex', 'cp', 'fbs',
                                                            'restecg', 'exang',
                                                            'thal'],
                                      display_types=True, features_todrop=[],
                                      id_columns=[],
                                      ml_usecase='classification',
                                      numerical_features=[], target='target',
                                      time_features=[])),
                ('imputer',
                 Simple_Imputer(categorical_strategy='not_available',
                                fill_value_categorical=Non...
                ('scaling', 'passthrough'), ('P_transform', 'passthrough'),
                ('binn', 'passthrough'), ('rem_outliers', 'passthrough'),
                ('cluster_all', 'passthrough'),
                ('dummy', Dummify(target='target')),
                ('fix_perfect', Remove_100(target='target')),
                ('clean_names', Clean_Colum_Names()),
                ('feature_select', 'passthrough'), ('fix_multi', 'passthrough'),
                ('dfs', 'passthrough'), ('pca', 'passthrough')],
         verbose=False)
2021-07-03 02:04:38,282:INFO:setup() succesfully completed......................................
2021-07-03 02:04:38,353:INFO:Initializing compare_models()
2021-07-03 02:04:38,354:INFO:compare_models(include=None, fold=None, round=4, cross_validation=True, sort=Accuracy, n_select=1, budget_time=None, turbo=True, errors=ignore, fit_kwargs=None, groups=None, verbose=True, display=None, exclude=None)
2021-07-03 02:04:38,354:INFO:Checking exceptions
2021-07-03 02:04:38,355:INFO:Preparing display monitor
2021-07-03 02:04:38,355:INFO:Preparing display monitor
2021-07-03 02:04:38,390:INFO:Initializing Logistic Regression
2021-07-03 02:04:38,391:INFO:Total runtime is 1.6661485036214194e-05 minutes
2021-07-03 02:04:38,401:INFO:SubProcess create_model() called ==================================
2021-07-03 02:04:38,401:INFO:Initializing create_model()
2021-07-03 02:04:38,401:INFO:create_model(estimator=lr, fold=StratifiedKFold(n_splits=10, random_state=None, shuffle=False), round=4, cross_validation=True, predict=True, fit_kwargs={}, groups=None, refit=False, verbose=False, system=False, metrics=None, display=<pycaret.internal.Display.Display object at 0x000002737BCBBBE0>, kwargs={})
2021-07-03 02:04:38,401:INFO:Checking exceptions
2021-07-03 02:04:38,402:INFO:Importing libraries
2021-07-03 02:04:38,402:INFO:Copying training dataset
2021-07-03 02:04:38,403:INFO:Defining folds
2021-07-03 02:04:38,403:INFO:Declaring metric variables
2021-07-03 02:04:38,412:INFO:Importing untrained model
2021-07-03 02:04:38,422:INFO:Logistic Regression Imported succesfully
2021-07-03 02:04:38,439:INFO:Starting cross validation
2021-07-03 02:04:38,440:INFO:Cross validating with StratifiedKFold(n_splits=10, random_state=None, shuffle=False), n_jobs=-1
2021-07-03 02:04:42,538:INFO:Calculating mean and std
2021-07-03 02:04:42,539:INFO:Creating metrics dataframe
2021-07-03 02:04:42,544:INFO:Uploading results into container
2021-07-03 02:04:42,544:INFO:Uploading model into container now
2021-07-03 02:04:42,545:INFO:create_model_container: 1
2021-07-03 02:04:42,545:INFO:master_model_container: 1
2021-07-03 02:04:42,545:INFO:display_container: 2
2021-07-03 02:04:42,546:INFO:LogisticRegression(C=1.0, class_weight=None, dual=False, fit_intercept=True,
                   intercept_scaling=1, l1_ratio=None, max_iter=1000,
                   multi_class='auto', n_jobs=None, penalty='l2',
                   random_state=694, solver='lbfgs', tol=0.0001, verbose=0,
                   warm_start=False)
2021-07-03 02:04:42,546:INFO:create_model() succesfully completed......................................
2021-07-03 02:04:42,611:INFO:SubProcess create_model() end ==================================
2021-07-03 02:04:42,611:INFO:Creating metrics dataframe
2021-07-03 02:04:42,630:INFO:Initializing K Neighbors Classifier
2021-07-03 02:04:42,630:INFO:Total runtime is 0.07065649429957073 minutes
2021-07-03 02:04:42,640:INFO:SubProcess create_model() called ==================================
2021-07-03 02:04:42,641:INFO:Initializing create_model()
2021-07-03 02:04:42,641:INFO:create_model(estimator=knn, fold=StratifiedKFold(n_splits=10, random_state=None, shuffle=False), round=4, cross_validation=True, predict=True, fit_kwargs={}, groups=None, refit=False, verbose=False, system=False, metrics=None, display=<pycaret.internal.Display.Display object at 0x000002737BCBBBE0>, kwargs={})
2021-07-03 02:04:42,641:INFO:Checking exceptions
2021-07-03 02:04:42,641:INFO:Importing libraries
2021-07-03 02:04:42,641:INFO:Copying training dataset
2021-07-03 02:04:42,642:INFO:Defining folds
2021-07-03 02:04:42,642:INFO:Declaring metric variables
2021-07-03 02:04:42,653:INFO:Importing untrained model
2021-07-03 02:04:42,663:INFO:K Neighbors Classifier Imported succesfully
2021-07-03 02:04:42,684:INFO:Starting cross validation
2021-07-03 02:04:42,685:INFO:Cross validating with StratifiedKFold(n_splits=10, random_state=None, shuffle=False), n_jobs=-1
2021-07-03 02:04:42,794:INFO:Calculating mean and std
2021-07-03 02:04:42,795:INFO:Creating metrics dataframe
2021-07-03 02:04:42,804:INFO:Uploading results into container
2021-07-03 02:04:42,805:INFO:Uploading model into container now
2021-07-03 02:04:42,805:INFO:create_model_container: 2
2021-07-03 02:04:42,805:INFO:master_model_container: 2
2021-07-03 02:04:42,805:INFO:display_container: 2
2021-07-03 02:04:42,805:INFO:KNeighborsClassifier(algorithm='auto', leaf_size=30, metric='minkowski',
                     metric_params=None, n_jobs=-1, n_neighbors=5, p=2,
                     weights='uniform')
2021-07-03 02:04:42,805:INFO:create_model() succesfully completed......................................
2021-07-03 02:04:42,876:INFO:SubProcess create_model() end ==================================
2021-07-03 02:04:42,876:INFO:Creating metrics dataframe
2021-07-03 02:04:42,898:INFO:Initializing Naive Bayes
2021-07-03 02:04:42,899:INFO:Total runtime is 0.07513707081476849 minutes
2021-07-03 02:04:42,913:INFO:SubProcess create_model() called ==================================
2021-07-03 02:04:42,914:INFO:Initializing create_model()
2021-07-03 02:04:42,914:INFO:create_model(estimator=nb, fold=StratifiedKFold(n_splits=10, random_state=None, shuffle=False), round=4, cross_validation=True, predict=True, fit_kwargs={}, groups=None, refit=False, verbose=False, system=False, metrics=None, display=<pycaret.internal.Display.Display object at 0x000002737BCBBBE0>, kwargs={})
2021-07-03 02:04:42,914:INFO:Checking exceptions
2021-07-03 02:04:42,914:INFO:Importing libraries
2021-07-03 02:04:42,914:INFO:Copying training dataset
2021-07-03 02:04:42,915:INFO:Defining folds
2021-07-03 02:04:42,915:INFO:Declaring metric variables
2021-07-03 02:04:42,929:INFO:Importing untrained model
2021-07-03 02:04:42,940:INFO:Naive Bayes Imported succesfully
2021-07-03 02:04:42,968:INFO:Starting cross validation
2021-07-03 02:04:42,969:INFO:Cross validating with StratifiedKFold(n_splits=10, random_state=None, shuffle=False), n_jobs=-1
2021-07-03 02:04:43,038:INFO:Calculating mean and std
2021-07-03 02:04:43,040:INFO:Creating metrics dataframe
2021-07-03 02:04:43,044:INFO:Uploading results into container
2021-07-03 02:04:43,044:INFO:Uploading model into container now
2021-07-03 02:04:43,044:INFO:create_model_container: 3
2021-07-03 02:04:43,045:INFO:master_model_container: 3
2021-07-03 02:04:43,045:INFO:display_container: 2
2021-07-03 02:04:43,045:INFO:GaussianNB(priors=None, var_smoothing=1e-09)
2021-07-03 02:04:43,045:INFO:create_model() succesfully completed......................................
2021-07-03 02:04:43,112:INFO:SubProcess create_model() end ==================================
2021-07-03 02:04:43,113:INFO:Creating metrics dataframe
2021-07-03 02:04:43,136:INFO:Initializing Decision Tree Classifier
2021-07-03 02:04:43,136:INFO:Total runtime is 0.07908464272816977 minutes
2021-07-03 02:04:43,148:INFO:SubProcess create_model() called ==================================
2021-07-03 02:04:43,148:INFO:Initializing create_model()
2021-07-03 02:04:43,148:INFO:create_model(estimator=dt, fold=StratifiedKFold(n_splits=10, random_state=None, shuffle=False), round=4, cross_validation=True, predict=True, fit_kwargs={}, groups=None, refit=False, verbose=False, system=False, metrics=None, display=<pycaret.internal.Display.Display object at 0x000002737BCBBBE0>, kwargs={})
2021-07-03 02:04:43,148:INFO:Checking exceptions
2021-07-03 02:04:43,149:INFO:Importing libraries
2021-07-03 02:04:43,149:INFO:Copying training dataset
2021-07-03 02:04:43,150:INFO:Defining folds
2021-07-03 02:04:43,150:INFO:Declaring metric variables
2021-07-03 02:04:43,160:INFO:Importing untrained model
2021-07-03 02:04:43,175:INFO:Decision Tree Classifier Imported succesfully
2021-07-03 02:04:43,196:INFO:Starting cross validation
2021-07-03 02:04:43,197:INFO:Cross validating with StratifiedKFold(n_splits=10, random_state=None, shuffle=False), n_jobs=-1
2021-07-03 02:04:43,264:INFO:Calculating mean and std
2021-07-03 02:04:43,265:INFO:Creating metrics dataframe
2021-07-03 02:04:43,269:INFO:Uploading results into container
2021-07-03 02:04:43,269:INFO:Uploading model into container now
2021-07-03 02:04:43,270:INFO:create_model_container: 4
2021-07-03 02:04:43,270:INFO:master_model_container: 4
2021-07-03 02:04:43,270:INFO:display_container: 2
2021-07-03 02:04:43,270:INFO:DecisionTreeClassifier(ccp_alpha=0.0, class_weight=None, criterion='gini',
                       max_depth=None, max_features=None, max_leaf_nodes=None,
                       min_impurity_decrease=0.0, min_impurity_split=None,
                       min_samples_leaf=1, min_samples_split=2,
                       min_weight_fraction_leaf=0.0, presort='deprecated',
                       random_state=694, splitter='best')
2021-07-03 02:04:43,270:INFO:create_model() succesfully completed......................................
2021-07-03 02:04:43,336:INFO:SubProcess create_model() end ==================================
2021-07-03 02:04:43,337:INFO:Creating metrics dataframe
2021-07-03 02:04:43,360:INFO:Initializing SVM - Linear Kernel
2021-07-03 02:04:43,361:INFO:Total runtime is 0.08284899393717449 minutes
2021-07-03 02:04:43,371:INFO:SubProcess create_model() called ==================================
2021-07-03 02:04:43,371:INFO:Initializing create_model()
2021-07-03 02:04:43,372:INFO:create_model(estimator=svm, fold=StratifiedKFold(n_splits=10, random_state=None, shuffle=False), round=4, cross_validation=True, predict=True, fit_kwargs={}, groups=None, refit=False, verbose=False, system=False, metrics=None, display=<pycaret.internal.Display.Display object at 0x000002737BCBBBE0>, kwargs={})
2021-07-03 02:04:43,372:INFO:Checking exceptions
2021-07-03 02:04:43,372:INFO:Importing libraries
2021-07-03 02:04:43,373:INFO:Copying training dataset
2021-07-03 02:04:43,374:INFO:Defining folds
2021-07-03 02:04:43,374:INFO:Declaring metric variables
2021-07-03 02:04:43,385:INFO:Importing untrained model
2021-07-03 02:04:43,397:INFO:SVM - Linear Kernel Imported succesfully
2021-07-03 02:04:43,421:INFO:Starting cross validation
2021-07-03 02:04:43,422:INFO:Cross validating with StratifiedKFold(n_splits=10, random_state=None, shuffle=False), n_jobs=-1
2021-07-03 02:04:43,501:INFO:Calculating mean and std
2021-07-03 02:04:43,502:INFO:Creating metrics dataframe
2021-07-03 02:04:43,507:INFO:Uploading results into container
2021-07-03 02:04:43,507:INFO:Uploading model into container now
2021-07-03 02:04:43,508:INFO:create_model_container: 5
2021-07-03 02:04:43,508:INFO:master_model_container: 5
2021-07-03 02:04:43,508:INFO:display_container: 2
2021-07-03 02:04:43,508:INFO:SGDClassifier(alpha=0.0001, average=False, class_weight=None,
              early_stopping=False, epsilon=0.1, eta0=0.001, fit_intercept=True,
              l1_ratio=0.15, learning_rate='optimal', loss='hinge',
              max_iter=1000, n_iter_no_change=5, n_jobs=-1, penalty='l2',
              power_t=0.5, random_state=694, shuffle=True, tol=0.001,
              validation_fraction=0.1, verbose=0, warm_start=False)
2021-07-03 02:04:43,508:INFO:create_model() succesfully completed......................................
2021-07-03 02:04:43,576:INFO:SubProcess create_model() end ==================================
2021-07-03 02:04:43,576:INFO:Creating metrics dataframe
2021-07-03 02:04:43,599:INFO:Initializing Ridge Classifier
2021-07-03 02:04:43,599:INFO:Total runtime is 0.08681324720382691 minutes
2021-07-03 02:04:43,609:INFO:SubProcess create_model() called ==================================
2021-07-03 02:04:43,610:INFO:Initializing create_model()
2021-07-03 02:04:43,610:INFO:create_model(estimator=ridge, fold=StratifiedKFold(n_splits=10, random_state=None, shuffle=False), round=4, cross_validation=True, predict=True, fit_kwargs={}, groups=None, refit=False, verbose=False, system=False, metrics=None, display=<pycaret.internal.Display.Display object at 0x000002737BCBBBE0>, kwargs={})
2021-07-03 02:04:43,610:INFO:Checking exceptions
2021-07-03 02:04:43,610:INFO:Importing libraries
2021-07-03 02:04:43,610:INFO:Copying training dataset
2021-07-03 02:04:43,611:INFO:Defining folds
2021-07-03 02:04:43,611:INFO:Declaring metric variables
2021-07-03 02:04:43,621:INFO:Importing untrained model
2021-07-03 02:04:43,633:INFO:Ridge Classifier Imported succesfully
2021-07-03 02:04:43,657:INFO:Starting cross validation
2021-07-03 02:04:43,657:INFO:Cross validating with StratifiedKFold(n_splits=10, random_state=None, shuffle=False), n_jobs=-1
2021-07-03 02:04:43,709:INFO:Calculating mean and std
2021-07-03 02:04:43,710:INFO:Creating metrics dataframe
2021-07-03 02:04:43,715:INFO:Uploading results into container
2021-07-03 02:04:43,716:INFO:Uploading model into container now
2021-07-03 02:04:43,716:INFO:create_model_container: 6
2021-07-03 02:04:43,716:INFO:master_model_container: 6
2021-07-03 02:04:43,716:INFO:display_container: 2
2021-07-03 02:04:43,716:INFO:RidgeClassifier(alpha=1.0, class_weight=None, copy_X=True, fit_intercept=True,
                max_iter=None, normalize=False, random_state=694, solver='auto',
                tol=0.001)
2021-07-03 02:04:43,716:INFO:create_model() succesfully completed......................................
2021-07-03 02:04:43,780:INFO:SubProcess create_model() end ==================================
2021-07-03 02:04:43,780:INFO:Creating metrics dataframe
2021-07-03 02:04:43,804:INFO:Initializing Random Forest Classifier
2021-07-03 02:04:43,804:INFO:Total runtime is 0.09022778669993083 minutes
2021-07-03 02:04:43,815:INFO:SubProcess create_model() called ==================================
2021-07-03 02:04:43,816:INFO:Initializing create_model()
2021-07-03 02:04:43,816:INFO:create_model(estimator=rf, fold=StratifiedKFold(n_splits=10, random_state=None, shuffle=False), round=4, cross_validation=True, predict=True, fit_kwargs={}, groups=None, refit=False, verbose=False, system=False, metrics=None, display=<pycaret.internal.Display.Display object at 0x000002737BCBBBE0>, kwargs={})
2021-07-03 02:04:43,816:INFO:Checking exceptions
2021-07-03 02:04:43,816:INFO:Importing libraries
2021-07-03 02:04:43,816:INFO:Copying training dataset
2021-07-03 02:04:43,818:INFO:Defining folds
2021-07-03 02:04:43,818:INFO:Declaring metric variables
2021-07-03 02:04:43,829:INFO:Importing untrained model
2021-07-03 02:04:43,839:INFO:Random Forest Classifier Imported succesfully
2021-07-03 02:04:43,859:INFO:Starting cross validation
2021-07-03 02:04:43,860:INFO:Cross validating with StratifiedKFold(n_splits=10, random_state=None, shuffle=False), n_jobs=-1
2021-07-03 02:04:44,742:INFO:Calculating mean and std
2021-07-03 02:04:44,744:INFO:Creating metrics dataframe
2021-07-03 02:04:44,748:INFO:Uploading results into container
2021-07-03 02:04:44,748:INFO:Uploading model into container now
2021-07-03 02:04:44,749:INFO:create_model_container: 7
2021-07-03 02:04:44,749:INFO:master_model_container: 7
2021-07-03 02:04:44,749:INFO:display_container: 2
2021-07-03 02:04:44,750:INFO:RandomForestClassifier(bootstrap=True, ccp_alpha=0.0, class_weight=None,
                       criterion='gini', max_depth=None, max_features='auto',
                       max_leaf_nodes=None, max_samples=None,
                       min_impurity_decrease=0.0, min_impurity_split=None,
                       min_samples_leaf=1, min_samples_split=2,
                       min_weight_fraction_leaf=0.0, n_estimators=100,
                       n_jobs=-1, oob_score=False, random_state=694, verbose=0,
                       warm_start=False)
2021-07-03 02:04:44,750:INFO:create_model() succesfully completed......................................
2021-07-03 02:04:44,815:INFO:SubProcess create_model() end ==================================
2021-07-03 02:04:44,815:INFO:Creating metrics dataframe
2021-07-03 02:04:44,840:INFO:Initializing Quadratic Discriminant Analysis
2021-07-03 02:04:44,840:INFO:Total runtime is 0.1075006405512492 minutes
2021-07-03 02:04:44,852:INFO:SubProcess create_model() called ==================================
2021-07-03 02:04:44,852:INFO:Initializing create_model()
2021-07-03 02:04:44,853:INFO:create_model(estimator=qda, fold=StratifiedKFold(n_splits=10, random_state=None, shuffle=False), round=4, cross_validation=True, predict=True, fit_kwargs={}, groups=None, refit=False, verbose=False, system=False, metrics=None, display=<pycaret.internal.Display.Display object at 0x000002737BCBBBE0>, kwargs={})
2021-07-03 02:04:44,853:INFO:Checking exceptions
2021-07-03 02:04:44,853:INFO:Importing libraries
2021-07-03 02:04:44,853:INFO:Copying training dataset
2021-07-03 02:04:44,855:INFO:Defining folds
2021-07-03 02:04:44,855:INFO:Declaring metric variables
2021-07-03 02:04:44,869:INFO:Importing untrained model
2021-07-03 02:04:44,878:INFO:Quadratic Discriminant Analysis Imported succesfully
2021-07-03 02:04:44,944:INFO:Starting cross validation
2021-07-03 02:04:44,944:INFO:Cross validating with StratifiedKFold(n_splits=10, random_state=None, shuffle=False), n_jobs=-1
2021-07-03 02:04:45,043:INFO:Calculating mean and std
2021-07-03 02:04:45,044:INFO:Creating metrics dataframe
2021-07-03 02:04:45,049:INFO:Uploading results into container
2021-07-03 02:04:45,049:INFO:Uploading model into container now
2021-07-03 02:04:45,050:INFO:create_model_container: 8
2021-07-03 02:04:45,050:INFO:master_model_container: 8
2021-07-03 02:04:45,050:INFO:display_container: 2
2021-07-03 02:04:45,050:INFO:QuadraticDiscriminantAnalysis(priors=None, reg_param=0.0,
                              store_covariance=False, tol=0.0001)
2021-07-03 02:04:45,050:INFO:create_model() succesfully completed......................................
2021-07-03 02:04:45,114:INFO:SubProcess create_model() end ==================================
2021-07-03 02:04:45,114:INFO:Creating metrics dataframe
2021-07-03 02:04:45,138:INFO:Initializing Ada Boost Classifier
2021-07-03 02:04:45,138:INFO:Total runtime is 0.11246411800384522 minutes
2021-07-03 02:04:45,148:INFO:SubProcess create_model() called ==================================
2021-07-03 02:04:45,149:INFO:Initializing create_model()
2021-07-03 02:04:45,149:INFO:create_model(estimator=ada, fold=StratifiedKFold(n_splits=10, random_state=None, shuffle=False), round=4, cross_validation=True, predict=True, fit_kwargs={}, groups=None, refit=False, verbose=False, system=False, metrics=None, display=<pycaret.internal.Display.Display object at 0x000002737BCBBBE0>, kwargs={})
2021-07-03 02:04:45,149:INFO:Checking exceptions
2021-07-03 02:04:45,149:INFO:Importing libraries
2021-07-03 02:04:45,149:INFO:Copying training dataset
2021-07-03 02:04:45,150:INFO:Defining folds
2021-07-03 02:04:45,150:INFO:Declaring metric variables
2021-07-03 02:04:45,163:INFO:Importing untrained model
2021-07-03 02:04:45,173:INFO:Ada Boost Classifier Imported succesfully
2021-07-03 02:04:45,194:INFO:Starting cross validation
2021-07-03 02:04:45,196:INFO:Cross validating with StratifiedKFold(n_splits=10, random_state=None, shuffle=False), n_jobs=-1
2021-07-03 02:04:45,590:INFO:Calculating mean and std
2021-07-03 02:04:45,591:INFO:Creating metrics dataframe
2021-07-03 02:04:45,597:INFO:Uploading results into container
2021-07-03 02:04:45,597:INFO:Uploading model into container now
2021-07-03 02:04:45,597:INFO:create_model_container: 9
2021-07-03 02:04:45,597:INFO:master_model_container: 9
2021-07-03 02:04:45,597:INFO:display_container: 2
2021-07-03 02:04:45,598:INFO:AdaBoostClassifier(algorithm='SAMME.R', base_estimator=None, learning_rate=1.0,
                   n_estimators=50, random_state=694)
2021-07-03 02:04:45,598:INFO:create_model() succesfully completed......................................
2021-07-03 02:04:45,663:INFO:SubProcess create_model() end ==================================
2021-07-03 02:04:45,664:INFO:Creating metrics dataframe
2021-07-03 02:04:45,688:INFO:Initializing Gradient Boosting Classifier
2021-07-03 02:04:45,688:INFO:Total runtime is 0.12162512540817261 minutes
2021-07-03 02:04:45,699:INFO:SubProcess create_model() called ==================================
2021-07-03 02:04:45,700:INFO:Initializing create_model()
2021-07-03 02:04:45,700:INFO:create_model(estimator=gbc, fold=StratifiedKFold(n_splits=10, random_state=None, shuffle=False), round=4, cross_validation=True, predict=True, fit_kwargs={}, groups=None, refit=False, verbose=False, system=False, metrics=None, display=<pycaret.internal.Display.Display object at 0x000002737BCBBBE0>, kwargs={})
2021-07-03 02:04:45,700:INFO:Checking exceptions
2021-07-03 02:04:45,700:INFO:Importing libraries
2021-07-03 02:04:45,700:INFO:Copying training dataset
2021-07-03 02:04:45,701:INFO:Defining folds
2021-07-03 02:04:45,701:INFO:Declaring metric variables
2021-07-03 02:04:45,711:INFO:Importing untrained model
2021-07-03 02:04:45,721:INFO:Gradient Boosting Classifier Imported succesfully
2021-07-03 02:04:45,742:INFO:Starting cross validation
2021-07-03 02:04:45,742:INFO:Cross validating with StratifiedKFold(n_splits=10, random_state=None, shuffle=False), n_jobs=-1
2021-07-03 02:04:46,080:INFO:Calculating mean and std
2021-07-03 02:04:46,081:INFO:Creating metrics dataframe
2021-07-03 02:04:46,085:INFO:Uploading results into container
2021-07-03 02:04:46,086:INFO:Uploading model into container now
2021-07-03 02:04:46,086:INFO:create_model_container: 10
2021-07-03 02:04:46,086:INFO:master_model_container: 10
2021-07-03 02:04:46,086:INFO:display_container: 2
2021-07-03 02:04:46,087:INFO:GradientBoostingClassifier(ccp_alpha=0.0, criterion='friedman_mse', init=None,
                           learning_rate=0.1, loss='deviance', max_depth=3,
                           max_features=None, max_leaf_nodes=None,
                           min_impurity_decrease=0.0, min_impurity_split=None,
                           min_samples_leaf=1, min_samples_split=2,
                           min_weight_fraction_leaf=0.0, n_estimators=100,
                           n_iter_no_change=None, presort='deprecated',
                           random_state=694, subsample=1.0, tol=0.0001,
                           validation_fraction=0.1, verbose=0,
                           warm_start=False)
2021-07-03 02:04:46,087:INFO:create_model() succesfully completed......................................
2021-07-03 02:04:46,150:INFO:SubProcess create_model() end ==================================
2021-07-03 02:04:46,150:INFO:Creating metrics dataframe
2021-07-03 02:04:46,176:INFO:Initializing Linear Discriminant Analysis
2021-07-03 02:04:46,177:INFO:Total runtime is 0.12977025508880616 minutes
2021-07-03 02:04:46,187:INFO:SubProcess create_model() called ==================================
2021-07-03 02:04:46,187:INFO:Initializing create_model()
2021-07-03 02:04:46,187:INFO:create_model(estimator=lda, fold=StratifiedKFold(n_splits=10, random_state=None, shuffle=False), round=4, cross_validation=True, predict=True, fit_kwargs={}, groups=None, refit=False, verbose=False, system=False, metrics=None, display=<pycaret.internal.Display.Display object at 0x000002737BCBBBE0>, kwargs={})
2021-07-03 02:04:46,187:INFO:Checking exceptions
2021-07-03 02:04:46,188:INFO:Importing libraries
2021-07-03 02:04:46,188:INFO:Copying training dataset
2021-07-03 02:04:46,189:INFO:Defining folds
2021-07-03 02:04:46,189:INFO:Declaring metric variables
2021-07-03 02:04:46,199:INFO:Importing untrained model
2021-07-03 02:04:46,210:INFO:Linear Discriminant Analysis Imported succesfully
2021-07-03 02:04:46,228:INFO:Starting cross validation
2021-07-03 02:04:46,229:INFO:Cross validating with StratifiedKFold(n_splits=10, random_state=None, shuffle=False), n_jobs=-1
2021-07-03 02:04:46,285:INFO:Calculating mean and std
2021-07-03 02:04:46,286:INFO:Creating metrics dataframe
2021-07-03 02:04:46,291:INFO:Uploading results into container
2021-07-03 02:04:46,291:INFO:Uploading model into container now
2021-07-03 02:04:46,291:INFO:create_model_container: 11
2021-07-03 02:04:46,291:INFO:master_model_container: 11
2021-07-03 02:04:46,291:INFO:display_container: 2
2021-07-03 02:04:46,291:INFO:LinearDiscriminantAnalysis(n_components=None, priors=None, shrinkage=None,
                           solver='svd', store_covariance=False, tol=0.0001)
2021-07-03 02:04:46,291:INFO:create_model() succesfully completed......................................
2021-07-03 02:04:46,357:INFO:SubProcess create_model() end ==================================
2021-07-03 02:04:46,357:INFO:Creating metrics dataframe
2021-07-03 02:04:46,384:INFO:Initializing Extra Trees Classifier
2021-07-03 02:04:46,384:INFO:Total runtime is 0.13321800629297892 minutes
2021-07-03 02:04:46,394:INFO:SubProcess create_model() called ==================================
2021-07-03 02:04:46,394:INFO:Initializing create_model()
2021-07-03 02:04:46,394:INFO:create_model(estimator=et, fold=StratifiedKFold(n_splits=10, random_state=None, shuffle=False), round=4, cross_validation=True, predict=True, fit_kwargs={}, groups=None, refit=False, verbose=False, system=False, metrics=None, display=<pycaret.internal.Display.Display object at 0x000002737BCBBBE0>, kwargs={})
2021-07-03 02:04:46,395:INFO:Checking exceptions
2021-07-03 02:04:46,395:INFO:Importing libraries
2021-07-03 02:04:46,395:INFO:Copying training dataset
2021-07-03 02:04:46,396:INFO:Defining folds
2021-07-03 02:04:46,396:INFO:Declaring metric variables
2021-07-03 02:04:46,407:INFO:Importing untrained model
2021-07-03 02:04:46,417:INFO:Extra Trees Classifier Imported succesfully
2021-07-03 02:04:46,437:INFO:Starting cross validation
2021-07-03 02:04:46,437:INFO:Cross validating with StratifiedKFold(n_splits=10, random_state=None, shuffle=False), n_jobs=-1
2021-07-03 02:04:47,243:INFO:Calculating mean and std
2021-07-03 02:04:47,244:INFO:Creating metrics dataframe
2021-07-03 02:04:47,249:INFO:Uploading results into container
2021-07-03 02:04:47,249:INFO:Uploading model into container now
2021-07-03 02:04:47,249:INFO:create_model_container: 12
2021-07-03 02:04:47,249:INFO:master_model_container: 12
2021-07-03 02:04:47,249:INFO:display_container: 2
2021-07-03 02:04:47,250:INFO:ExtraTreesClassifier(bootstrap=False, ccp_alpha=0.0, class_weight=None,
                     criterion='gini', max_depth=None, max_features='auto',
                     max_leaf_nodes=None, max_samples=None,
                     min_impurity_decrease=0.0, min_impurity_split=None,
                     min_samples_leaf=1, min_samples_split=2,
                     min_weight_fraction_leaf=0.0, n_estimators=100, n_jobs=-1,
                     oob_score=False, random_state=694, verbose=0,
                     warm_start=False)
2021-07-03 02:04:47,250:INFO:create_model() succesfully completed......................................
2021-07-03 02:04:47,316:INFO:SubProcess create_model() end ==================================
2021-07-03 02:04:47,316:INFO:Creating metrics dataframe
2021-07-03 02:04:47,344:INFO:Initializing Light Gradient Boosting Machine
2021-07-03 02:04:47,344:INFO:Total runtime is 0.14922478596369426 minutes
2021-07-03 02:04:47,354:INFO:SubProcess create_model() called ==================================
2021-07-03 02:04:47,355:INFO:Initializing create_model()
2021-07-03 02:04:47,355:INFO:create_model(estimator=lightgbm, fold=StratifiedKFold(n_splits=10, random_state=None, shuffle=False), round=4, cross_validation=True, predict=True, fit_kwargs={}, groups=None, refit=False, verbose=False, system=False, metrics=None, display=<pycaret.internal.Display.Display object at 0x000002737BCBBBE0>, kwargs={})
2021-07-03 02:04:47,355:INFO:Checking exceptions
2021-07-03 02:04:47,355:INFO:Importing libraries
2021-07-03 02:04:47,355:INFO:Copying training dataset
2021-07-03 02:04:47,356:INFO:Defining folds
2021-07-03 02:04:47,356:INFO:Declaring metric variables
2021-07-03 02:04:47,365:INFO:Importing untrained model
2021-07-03 02:04:47,374:INFO:Light Gradient Boosting Machine Imported succesfully
2021-07-03 02:04:47,398:INFO:Starting cross validation
2021-07-03 02:04:47,399:INFO:Cross validating with StratifiedKFold(n_splits=10, random_state=None, shuffle=False), n_jobs=-1
2021-07-03 02:04:48,423:INFO:Calculating mean and std
2021-07-03 02:04:48,424:INFO:Creating metrics dataframe
2021-07-03 02:04:48,430:INFO:Uploading results into container
2021-07-03 02:04:48,430:INFO:Uploading model into container now
2021-07-03 02:04:48,430:INFO:create_model_container: 13
2021-07-03 02:04:48,430:INFO:master_model_container: 13
2021-07-03 02:04:48,430:INFO:display_container: 2
2021-07-03 02:04:48,431:INFO:LGBMClassifier(boosting_type='gbdt', class_weight=None, colsample_bytree=1.0,
               importance_type='split', learning_rate=0.1, max_depth=-1,
               min_child_samples=20, min_child_weight=0.001, min_split_gain=0.0,
               n_estimators=100, n_jobs=-1, num_leaves=31, objective=None,
               random_state=694, reg_alpha=0.0, reg_lambda=0.0, silent=True,
               subsample=1.0, subsample_for_bin=200000, subsample_freq=0)
2021-07-03 02:04:48,431:INFO:create_model() succesfully completed......................................
2021-07-03 02:04:48,500:INFO:SubProcess create_model() end ==================================
2021-07-03 02:04:48,500:INFO:Creating metrics dataframe
2021-07-03 02:04:48,553:INFO:Initializing create_model()
2021-07-03 02:04:48,553:INFO:create_model(estimator=LogisticRegression(C=1.0, class_weight=None, dual=False, fit_intercept=True,
                   intercept_scaling=1, l1_ratio=None, max_iter=1000,
                   multi_class='auto', n_jobs=None, penalty='l2',
                   random_state=694, solver='lbfgs', tol=0.0001, verbose=0,
                   warm_start=False), fold=StratifiedKFold(n_splits=10, random_state=None, shuffle=False), round=4, cross_validation=False, predict=False, fit_kwargs={}, groups=None, refit=True, verbose=False, system=False, metrics=None, display=None, kwargs={})
2021-07-03 02:04:48,553:INFO:Checking exceptions
2021-07-03 02:04:48,554:INFO:Importing libraries
2021-07-03 02:04:48,554:INFO:Copying training dataset
2021-07-03 02:04:48,554:INFO:Defining folds
2021-07-03 02:04:48,554:INFO:Declaring metric variables
2021-07-03 02:04:48,554:INFO:Importing untrained model
2021-07-03 02:04:48,554:INFO:Declaring custom model
2021-07-03 02:04:48,555:INFO:Logistic Regression Imported succesfully
2021-07-03 02:04:48,555:INFO:Cross validation set to False
2021-07-03 02:04:48,556:INFO:Fitting Model
2021-07-03 02:04:48,837:INFO:LogisticRegression(C=1.0, class_weight=None, dual=False, fit_intercept=True,
                   intercept_scaling=1, l1_ratio=None, max_iter=1000,
                   multi_class='auto', n_jobs=None, penalty='l2',
                   random_state=694, solver='lbfgs', tol=0.0001, verbose=0,
                   warm_start=False)
2021-07-03 02:04:48,837:INFO:create_models() succesfully completed......................................
2021-07-03 02:04:48,960:INFO:create_model_container: 13
2021-07-03 02:04:48,960:INFO:master_model_container: 13
2021-07-03 02:04:48,960:INFO:display_container: 2
2021-07-03 02:04:48,961:INFO:LogisticRegression(C=1.0, class_weight=None, dual=False, fit_intercept=True,
                   intercept_scaling=1, l1_ratio=None, max_iter=1000,
                   multi_class='auto', n_jobs=None, penalty='l2',
                   random_state=694, solver='lbfgs', tol=0.0001, verbose=0,
                   warm_start=False)
2021-07-03 02:04:48,961:INFO:compare_models() succesfully completed......................................
2021-07-03 02:04:48,969:INFO:Initializing predict_model()
2021-07-03 02:04:48,970:INFO:predict_model(estimator=LogisticRegression(C=1.0, class_weight=None, dual=False, fit_intercept=True,
                   intercept_scaling=1, l1_ratio=None, max_iter=1000,
                   multi_class='auto', n_jobs=None, penalty='l2',
                   random_state=694, solver='lbfgs', tol=0.0001, verbose=0,
                   warm_start=False), probability_threshold=None, encoded_labels=False, raw_score=False, round=4, verbose=True, ml_usecase=MLUsecase.CLASSIFICATION, display=None)
2021-07-03 02:04:48,970:INFO:Checking exceptions
2021-07-03 02:04:48,970:INFO:Preloading libraries
2021-07-03 02:04:48,970:INFO:Preparing display monitor
2021-07-03 02:04:57,335:INFO:Initializing predict_model()
2021-07-03 02:04:57,336:INFO:predict_model(estimator=LogisticRegression(C=1.0, class_weight=None, dual=False, fit_intercept=True,
                   intercept_scaling=1, l1_ratio=None, max_iter=1000,
                   multi_class='auto', n_jobs=None, penalty='l2',
                   random_state=694, solver='lbfgs', tol=0.0001, verbose=0,
                   warm_start=False), probability_threshold=None, encoded_labels=False, raw_score=False, round=4, verbose=True, ml_usecase=MLUsecase.CLASSIFICATION, display=None)
2021-07-03 02:04:57,336:INFO:Checking exceptions
2021-07-03 02:04:57,336:INFO:Preloading libraries
2021-07-03 02:04:57,336:INFO:Preparing display monitor
2021-07-06 00:08:39,856:INFO:PyCaret Supervised Module
2021-07-06 00:08:39,857:INFO:ML Usecase: classification
2021-07-06 00:08:39,857:INFO:version 2.3.1
2021-07-06 00:08:39,857:INFO:Initializing setup()
2021-07-06 00:08:39,857:INFO:setup(target=target, ml_usecase=classification, available_plots={'parameter': 'Hyperparameters', 'auc': 'AUC', 'confusion_matrix': 'Confusion Matrix', 'threshold': 'Threshold', 'pr': 'Precision Recall', 'error': 'Prediction Error', 'class_report': 'Class Report', 'rfe': 'Feature Selection', 'learning': 'Learning Curve', 'manifold': 'Manifold Learning', 'calibration': 'Calibration Curve', 'vc': 'Validation Curve', 'dimension': 'Dimensions', 'feature': 'Feature Importance', 'feature_all': 'Feature Importance (All)', 'boundary': 'Decision Boundary', 'lift': 'Lift Chart', 'gain': 'Gain Chart', 'tree': 'Decision Tree'}, train_size=0.7, test_data=None, preprocess=True, imputation_type=simple, iterative_imputation_iters=5, categorical_features=['sex', 'cp', 'fbs', 'restecg', 'exang', 'thal'], categorical_imputation=constant, categorical_iterative_imputer=lightgbm, ordinal_features=None, high_cardinality_features=None, high_cardinality_method=frequency, numeric_features=None, numeric_imputation=mean, numeric_iterative_imputer=lightgbm, date_features=None, ignore_features=None, normalize=False, normalize_method=zscore, transformation=False, transformation_method=yeo-johnson, handle_unknown_categorical=True, unknown_categorical_method=least_frequent, pca=False, pca_method=linear, pca_components=None, ignore_low_variance=False, combine_rare_levels=False, rare_level_threshold=0.1, bin_numeric_features=None, remove_outliers=False, outliers_threshold=0.05, remove_multicollinearity=False, multicollinearity_threshold=0.9, remove_perfect_collinearity=True, create_clusters=False, cluster_iter=20, polynomial_features=False, polynomial_degree=2, trigonometry_features=False, polynomial_threshold=0.1, group_features=None, group_names=None, feature_selection=False, feature_selection_threshold=0.8, feature_selection_method=classic, feature_interaction=False, feature_ratio=False, interaction_threshold=0.01, fix_imbalance=False, fix_imbalance_method=None, transform_target=False, transform_target_method=box-cox, data_split_shuffle=True, data_split_stratify=False, fold_strategy=stratifiedkfold, fold=10, fold_shuffle=False, fold_groups=None, n_jobs=-1, use_gpu=False, custom_pipeline=None, html=True, session_id=None, log_experiment=False, experiment_name=None, log_plots=False, log_profile=False, log_data=False, silent=False, verbose=True, profile=False, profile_kwargs=None, display=None)
2021-07-06 00:08:39,857:INFO:Checking environment
2021-07-06 00:08:39,857:INFO:python_version: 3.8.8
2021-07-06 00:08:39,857:INFO:python_build: ('default', 'Apr 13 2021 15:08:03')
2021-07-06 00:08:39,857:INFO:machine: AMD64
2021-07-06 00:08:39,858:INFO:platform: Windows-10-10.0.18362-SP0
2021-07-06 00:08:39,858:INFO:Memory: svmem(total=17122099200, available=6994137088, percent=59.2, used=10127962112, free=6994137088)
2021-07-06 00:08:39,858:INFO:Physical Core: 4
2021-07-06 00:08:39,858:INFO:Logical Core: 4
2021-07-06 00:08:39,858:INFO:Checking libraries
2021-07-06 00:08:39,858:INFO:pd==1.2.4
2021-07-06 00:08:39,858:INFO:numpy==1.19.5
2021-07-06 00:08:39,858:INFO:sklearn==0.23.2
2021-07-06 00:08:39,858:INFO:lightgbm==3.2.1
2021-07-06 00:08:39,859:WARNING:catboost not found
2021-07-06 00:08:39,860:WARNING:xgboost not found
2021-07-06 00:08:40,332:INFO:mlflow==1.18.0
2021-07-06 00:08:40,333:INFO:Checking Exceptions
2021-07-06 00:08:40,333:INFO:Declaring global variables
2021-07-06 00:08:40,333:INFO:USI: 99a2
2021-07-06 00:08:40,333:INFO:pycaret_globals: {'gpu_param', 'y_train', 'X_test', 'create_model_container', 'html_param', 'display_container', 'prep_pipe', 'fold_generator', '_all_models_internal', 'fold_shuffle_param', '_ml_usecase', 'transform_target_param', 'X', 'log_plots_param', 'target_param', 'y_test', '_internal_pipeline', 'fold_groups_param', 'fold_param', 'seed', '_available_plots', 'master_model_container', 'data_before_preprocess', 'fix_imbalance_param', 'logging_param', 'pycaret_globals', 'exp_name_log', 'imputation_regressor', 'transform_target_method_param', 'X_train', 'n_jobs_param', '_all_models', 'imputation_classifier', 'stratify_param', 'fold_groups_param_full', '_gpu_n_jobs_param', 'iterative_imputation_iters_param', '_all_metrics', 'experiment__', 'fix_imbalance_method_param', 'y', 'USI'}
2021-07-06 00:08:40,333:INFO:Preparing display monitor
2021-07-06 00:08:40,333:INFO:Preparing display monitor
2021-07-06 00:08:40,347:INFO:Importing libraries
2021-07-06 00:08:40,348:INFO:Copying data for preprocessing
2021-07-06 00:08:40,358:INFO:Declaring preprocessing parameters
2021-07-06 00:08:40,361:INFO:Creating preprocessing pipeline
2021-07-06 00:08:40,373:INFO:Preprocessing pipeline created successfully
2021-07-06 00:08:40,373:ERROR:(Process Exit): setup has been interupted with user command 'quit'. setup must rerun.
2021-07-06 00:08:40,373:INFO:Creating global containers
2021-07-06 00:08:40,374:INFO:Internal pipeline: Pipeline(memory=None, steps=[('empty_step', 'passthrough')], verbose=False)
2021-07-06 00:08:42,107:WARNING:Couldn't import xgboost.XGBClassifier
2021-07-06 00:08:42,108:WARNING:Couldn't import catboost.CatBoostClassifier
2021-07-06 00:08:42,267:WARNING:Couldn't import xgboost.XGBClassifier
2021-07-06 00:08:42,268:WARNING:Couldn't import catboost.CatBoostClassifier
2021-07-06 00:08:42,269:INFO:Creating grid variables
2021-07-06 00:08:42,291:INFO:create_model_container: 0
2021-07-06 00:08:42,291:INFO:master_model_container: 0
2021-07-06 00:08:42,291:INFO:display_container: 1
2021-07-06 00:08:42,298:INFO:Pipeline(memory=None,
         steps=[('dtypes',
                 DataTypes_Auto_infer(categorical_features=['sex', 'cp', 'fbs',
                                                            'restecg', 'exang',
                                                            'thal'],
                                      display_types=True, features_todrop=[],
                                      id_columns=[],
                                      ml_usecase='classification',
                                      numerical_features=[], target='target',
                                      time_features=[])),
                ('imputer',
                 Simple_Imputer(categorical_strategy='not_available',
                                fill_value_categorical=Non...
                ('scaling', 'passthrough'), ('P_transform', 'passthrough'),
                ('binn', 'passthrough'), ('rem_outliers', 'passthrough'),
                ('cluster_all', 'passthrough'),
                ('dummy', Dummify(target='target')),
                ('fix_perfect', Remove_100(target='target')),
                ('clean_names', Clean_Colum_Names()),
                ('feature_select', 'passthrough'), ('fix_multi', 'passthrough'),
                ('dfs', 'passthrough'), ('pca', 'passthrough')],
         verbose=False)
2021-07-06 00:08:42,298:INFO:setup() succesfully completed......................................
2021-07-06 00:08:42,370:INFO:Initializing compare_models()
2021-07-06 00:08:42,370:INFO:compare_models(include=None, fold=None, round=4, cross_validation=True, sort=Accuracy, n_select=1, budget_time=None, turbo=True, errors=ignore, fit_kwargs=None, groups=None, verbose=True, display=None, exclude=None)
2021-07-06 00:08:42,372:INFO:Checking exceptions
2021-07-06 00:08:42,373:INFO:Preparing display monitor
2021-07-06 00:08:42,373:INFO:Preparing display monitor
2021-07-06 00:08:42,408:INFO:Initializing Logistic Regression
2021-07-06 00:08:42,409:INFO:Total runtime is 1.665353775024414e-05 minutes
2021-07-06 00:08:42,420:INFO:SubProcess create_model() called ==================================
2021-07-06 00:08:42,420:INFO:Initializing create_model()
2021-07-06 00:08:42,420:INFO:create_model(estimator=lr, fold=StratifiedKFold(n_splits=10, random_state=None, shuffle=False), round=4, cross_validation=True, predict=True, fit_kwargs={}, groups=None, refit=False, verbose=False, system=False, metrics=None, display=<pycaret.internal.Display.Display object at 0x00000213B35D2AF0>, kwargs={})
2021-07-06 00:08:42,420:INFO:Checking exceptions
2021-07-06 00:08:42,420:INFO:Importing libraries
2021-07-06 00:08:42,421:INFO:Copying training dataset
2021-07-06 00:08:42,421:INFO:Defining folds
2021-07-06 00:08:42,422:INFO:Declaring metric variables
2021-07-06 00:08:42,432:INFO:Importing untrained model
2021-07-06 00:08:42,442:INFO:Logistic Regression Imported succesfully
2021-07-06 00:08:42,464:INFO:Starting cross validation
2021-07-06 00:08:42,465:INFO:Cross validating with StratifiedKFold(n_splits=10, random_state=None, shuffle=False), n_jobs=-1
2021-07-06 00:08:46,596:INFO:Calculating mean and std
2021-07-06 00:08:46,597:INFO:Creating metrics dataframe
2021-07-06 00:08:46,602:INFO:Uploading results into container
2021-07-06 00:08:46,602:INFO:Uploading model into container now
2021-07-06 00:08:46,602:INFO:create_model_container: 1
2021-07-06 00:08:46,602:INFO:master_model_container: 1
2021-07-06 00:08:46,602:INFO:display_container: 2
2021-07-06 00:08:46,603:INFO:LogisticRegression(C=1.0, class_weight=None, dual=False, fit_intercept=True,
                   intercept_scaling=1, l1_ratio=None, max_iter=1000,
                   multi_class='auto', n_jobs=None, penalty='l2',
                   random_state=7959, solver='lbfgs', tol=0.0001, verbose=0,
                   warm_start=False)
2021-07-06 00:08:46,603:INFO:create_model() succesfully completed......................................
2021-07-06 00:08:46,671:INFO:SubProcess create_model() end ==================================
2021-07-06 00:08:46,671:INFO:Creating metrics dataframe
2021-07-06 00:08:46,691:INFO:Initializing K Neighbors Classifier
2021-07-06 00:08:46,691:INFO:Total runtime is 0.07137270371119181 minutes
2021-07-06 00:08:46,702:INFO:SubProcess create_model() called ==================================
2021-07-06 00:08:46,702:INFO:Initializing create_model()
2021-07-06 00:08:46,703:INFO:create_model(estimator=knn, fold=StratifiedKFold(n_splits=10, random_state=None, shuffle=False), round=4, cross_validation=True, predict=True, fit_kwargs={}, groups=None, refit=False, verbose=False, system=False, metrics=None, display=<pycaret.internal.Display.Display object at 0x00000213B35D2AF0>, kwargs={})
2021-07-06 00:08:46,703:INFO:Checking exceptions
2021-07-06 00:08:46,703:INFO:Importing libraries
2021-07-06 00:08:46,703:INFO:Copying training dataset
2021-07-06 00:08:46,704:INFO:Defining folds
2021-07-06 00:08:46,704:INFO:Declaring metric variables
2021-07-06 00:08:46,715:INFO:Importing untrained model
2021-07-06 00:08:46,726:INFO:K Neighbors Classifier Imported succesfully
2021-07-06 00:08:46,746:INFO:Starting cross validation
2021-07-06 00:08:46,747:INFO:Cross validating with StratifiedKFold(n_splits=10, random_state=None, shuffle=False), n_jobs=-1
2021-07-06 00:08:46,840:INFO:Calculating mean and std
2021-07-06 00:08:46,841:INFO:Creating metrics dataframe
2021-07-06 00:08:46,845:INFO:Uploading results into container
2021-07-06 00:08:46,845:INFO:Uploading model into container now
2021-07-06 00:08:46,846:INFO:create_model_container: 2
2021-07-06 00:08:46,846:INFO:master_model_container: 2
2021-07-06 00:08:46,846:INFO:display_container: 2
2021-07-06 00:08:46,846:INFO:KNeighborsClassifier(algorithm='auto', leaf_size=30, metric='minkowski',
                     metric_params=None, n_jobs=-1, n_neighbors=5, p=2,
                     weights='uniform')
2021-07-06 00:08:46,846:INFO:create_model() succesfully completed......................................
2021-07-06 00:08:46,913:INFO:SubProcess create_model() end ==================================
2021-07-06 00:08:46,913:INFO:Creating metrics dataframe
2021-07-06 00:08:46,935:INFO:Initializing Naive Bayes
2021-07-06 00:08:46,935:INFO:Total runtime is 0.07543686628341674 minutes
2021-07-06 00:08:46,946:INFO:SubProcess create_model() called ==================================
2021-07-06 00:08:46,947:INFO:Initializing create_model()
2021-07-06 00:08:46,947:INFO:create_model(estimator=nb, fold=StratifiedKFold(n_splits=10, random_state=None, shuffle=False), round=4, cross_validation=True, predict=True, fit_kwargs={}, groups=None, refit=False, verbose=False, system=False, metrics=None, display=<pycaret.internal.Display.Display object at 0x00000213B35D2AF0>, kwargs={})
2021-07-06 00:08:46,947:INFO:Checking exceptions
2021-07-06 00:08:46,947:INFO:Importing libraries
2021-07-06 00:08:46,947:INFO:Copying training dataset
2021-07-06 00:08:46,948:INFO:Defining folds
2021-07-06 00:08:46,948:INFO:Declaring metric variables
2021-07-06 00:08:46,958:INFO:Importing untrained model
2021-07-06 00:08:46,968:INFO:Naive Bayes Imported succesfully
2021-07-06 00:08:46,991:INFO:Starting cross validation
2021-07-06 00:08:46,992:INFO:Cross validating with StratifiedKFold(n_splits=10, random_state=None, shuffle=False), n_jobs=-1
2021-07-06 00:08:47,060:INFO:Calculating mean and std
2021-07-06 00:08:47,061:INFO:Creating metrics dataframe
2021-07-06 00:08:47,066:INFO:Uploading results into container
2021-07-06 00:08:47,066:INFO:Uploading model into container now
2021-07-06 00:08:47,066:INFO:create_model_container: 3
2021-07-06 00:08:47,066:INFO:master_model_container: 3
2021-07-06 00:08:47,067:INFO:display_container: 2
2021-07-06 00:08:47,067:INFO:GaussianNB(priors=None, var_smoothing=1e-09)
2021-07-06 00:08:47,067:INFO:create_model() succesfully completed......................................
2021-07-06 00:08:47,131:INFO:SubProcess create_model() end ==================================
2021-07-06 00:08:47,132:INFO:Creating metrics dataframe
2021-07-06 00:08:47,153:INFO:Initializing Decision Tree Classifier
2021-07-06 00:08:47,154:INFO:Total runtime is 0.07910127639770508 minutes
2021-07-06 00:08:47,165:INFO:SubProcess create_model() called ==================================
2021-07-06 00:08:47,165:INFO:Initializing create_model()
2021-07-06 00:08:47,166:INFO:create_model(estimator=dt, fold=StratifiedKFold(n_splits=10, random_state=None, shuffle=False), round=4, cross_validation=True, predict=True, fit_kwargs={}, groups=None, refit=False, verbose=False, system=False, metrics=None, display=<pycaret.internal.Display.Display object at 0x00000213B35D2AF0>, kwargs={})
2021-07-06 00:08:47,166:INFO:Checking exceptions
2021-07-06 00:08:47,166:INFO:Importing libraries
2021-07-06 00:08:47,166:INFO:Copying training dataset
2021-07-06 00:08:47,167:INFO:Defining folds
2021-07-06 00:08:47,167:INFO:Declaring metric variables
2021-07-06 00:08:47,178:INFO:Importing untrained model
2021-07-06 00:08:47,188:INFO:Decision Tree Classifier Imported succesfully
2021-07-06 00:08:47,208:INFO:Starting cross validation
2021-07-06 00:08:47,209:INFO:Cross validating with StratifiedKFold(n_splits=10, random_state=None, shuffle=False), n_jobs=-1
2021-07-06 00:08:47,267:INFO:Calculating mean and std
2021-07-06 00:08:47,268:INFO:Creating metrics dataframe
2021-07-06 00:08:47,272:INFO:Uploading results into container
2021-07-06 00:08:47,273:INFO:Uploading model into container now
2021-07-06 00:08:47,273:INFO:create_model_container: 4
2021-07-06 00:08:47,273:INFO:master_model_container: 4
2021-07-06 00:08:47,273:INFO:display_container: 2
2021-07-06 00:08:47,273:INFO:DecisionTreeClassifier(ccp_alpha=0.0, class_weight=None, criterion='gini',
                       max_depth=None, max_features=None, max_leaf_nodes=None,
                       min_impurity_decrease=0.0, min_impurity_split=None,
                       min_samples_leaf=1, min_samples_split=2,
                       min_weight_fraction_leaf=0.0, presort='deprecated',
                       random_state=7959, splitter='best')
2021-07-06 00:08:47,273:INFO:create_model() succesfully completed......................................
2021-07-06 00:08:47,339:INFO:SubProcess create_model() end ==================================
2021-07-06 00:08:47,339:INFO:Creating metrics dataframe
2021-07-06 00:08:47,362:INFO:Initializing SVM - Linear Kernel
2021-07-06 00:08:47,362:INFO:Total runtime is 0.08256581226984659 minutes
2021-07-06 00:08:47,373:INFO:SubProcess create_model() called ==================================
2021-07-06 00:08:47,373:INFO:Initializing create_model()
2021-07-06 00:08:47,373:INFO:create_model(estimator=svm, fold=StratifiedKFold(n_splits=10, random_state=None, shuffle=False), round=4, cross_validation=True, predict=True, fit_kwargs={}, groups=None, refit=False, verbose=False, system=False, metrics=None, display=<pycaret.internal.Display.Display object at 0x00000213B35D2AF0>, kwargs={})
2021-07-06 00:08:47,373:INFO:Checking exceptions
2021-07-06 00:08:47,373:INFO:Importing libraries
2021-07-06 00:08:47,373:INFO:Copying training dataset
2021-07-06 00:08:47,375:INFO:Defining folds
2021-07-06 00:08:47,375:INFO:Declaring metric variables
2021-07-06 00:08:47,388:INFO:Importing untrained model
2021-07-06 00:08:47,397:INFO:SVM - Linear Kernel Imported succesfully
2021-07-06 00:08:47,418:INFO:Starting cross validation
2021-07-06 00:08:47,418:INFO:Cross validating with StratifiedKFold(n_splits=10, random_state=None, shuffle=False), n_jobs=-1
2021-07-06 00:08:47,490:INFO:Calculating mean and std
2021-07-06 00:08:47,491:INFO:Creating metrics dataframe
2021-07-06 00:08:47,496:INFO:Uploading results into container
2021-07-06 00:08:47,496:INFO:Uploading model into container now
2021-07-06 00:08:47,496:INFO:create_model_container: 5
2021-07-06 00:08:47,496:INFO:master_model_container: 5
2021-07-06 00:08:47,496:INFO:display_container: 2
2021-07-06 00:08:47,497:INFO:SGDClassifier(alpha=0.0001, average=False, class_weight=None,
              early_stopping=False, epsilon=0.1, eta0=0.001, fit_intercept=True,
              l1_ratio=0.15, learning_rate='optimal', loss='hinge',
              max_iter=1000, n_iter_no_change=5, n_jobs=-1, penalty='l2',
              power_t=0.5, random_state=7959, shuffle=True, tol=0.001,
              validation_fraction=0.1, verbose=0, warm_start=False)
2021-07-06 00:08:47,497:INFO:create_model() succesfully completed......................................
2021-07-06 00:08:47,561:INFO:SubProcess create_model() end ==================================
2021-07-06 00:08:47,561:INFO:Creating metrics dataframe
2021-07-06 00:08:47,584:INFO:Initializing Ridge Classifier
2021-07-06 00:08:47,585:INFO:Total runtime is 0.08626379172007242 minutes
2021-07-06 00:08:47,595:INFO:SubProcess create_model() called ==================================
2021-07-06 00:08:47,595:INFO:Initializing create_model()
2021-07-06 00:08:47,595:INFO:create_model(estimator=ridge, fold=StratifiedKFold(n_splits=10, random_state=None, shuffle=False), round=4, cross_validation=True, predict=True, fit_kwargs={}, groups=None, refit=False, verbose=False, system=False, metrics=None, display=<pycaret.internal.Display.Display object at 0x00000213B35D2AF0>, kwargs={})
2021-07-06 00:08:47,596:INFO:Checking exceptions
2021-07-06 00:08:47,596:INFO:Importing libraries
2021-07-06 00:08:47,596:INFO:Copying training dataset
2021-07-06 00:08:47,597:INFO:Defining folds
2021-07-06 00:08:47,597:INFO:Declaring metric variables
2021-07-06 00:08:47,608:INFO:Importing untrained model
2021-07-06 00:08:47,618:INFO:Ridge Classifier Imported succesfully
2021-07-06 00:08:47,639:INFO:Starting cross validation
2021-07-06 00:08:47,640:INFO:Cross validating with StratifiedKFold(n_splits=10, random_state=None, shuffle=False), n_jobs=-1
2021-07-06 00:08:47,694:INFO:Calculating mean and std
2021-07-06 00:08:47,695:INFO:Creating metrics dataframe
2021-07-06 00:08:47,700:INFO:Uploading results into container
2021-07-06 00:08:47,700:INFO:Uploading model into container now
2021-07-06 00:08:47,700:INFO:create_model_container: 6
2021-07-06 00:08:47,701:INFO:master_model_container: 6
2021-07-06 00:08:47,701:INFO:display_container: 2
2021-07-06 00:08:47,701:INFO:RidgeClassifier(alpha=1.0, class_weight=None, copy_X=True, fit_intercept=True,
                max_iter=None, normalize=False, random_state=7959,
                solver='auto', tol=0.001)
2021-07-06 00:08:47,701:INFO:create_model() succesfully completed......................................
2021-07-06 00:08:47,766:INFO:SubProcess create_model() end ==================================
2021-07-06 00:08:47,766:INFO:Creating metrics dataframe
2021-07-06 00:08:47,792:INFO:Initializing Random Forest Classifier
2021-07-06 00:08:47,793:INFO:Total runtime is 0.08974482218424479 minutes
2021-07-06 00:08:47,803:INFO:SubProcess create_model() called ==================================
2021-07-06 00:08:47,804:INFO:Initializing create_model()
2021-07-06 00:08:47,804:INFO:create_model(estimator=rf, fold=StratifiedKFold(n_splits=10, random_state=None, shuffle=False), round=4, cross_validation=True, predict=True, fit_kwargs={}, groups=None, refit=False, verbose=False, system=False, metrics=None, display=<pycaret.internal.Display.Display object at 0x00000213B35D2AF0>, kwargs={})
2021-07-06 00:08:47,804:INFO:Checking exceptions
2021-07-06 00:08:47,804:INFO:Importing libraries
2021-07-06 00:08:47,804:INFO:Copying training dataset
2021-07-06 00:08:47,805:INFO:Defining folds
2021-07-06 00:08:47,805:INFO:Declaring metric variables
2021-07-06 00:08:47,819:INFO:Importing untrained model
2021-07-06 00:08:47,832:INFO:Random Forest Classifier Imported succesfully
2021-07-06 00:08:47,858:INFO:Starting cross validation
2021-07-06 00:08:47,858:INFO:Cross validating with StratifiedKFold(n_splits=10, random_state=None, shuffle=False), n_jobs=-1
2021-07-06 00:08:48,791:INFO:Calculating mean and std
2021-07-06 00:08:48,792:INFO:Creating metrics dataframe
2021-07-06 00:08:48,797:INFO:Uploading results into container
2021-07-06 00:08:48,797:INFO:Uploading model into container now
2021-07-06 00:08:48,797:INFO:create_model_container: 7
2021-07-06 00:08:48,797:INFO:master_model_container: 7
2021-07-06 00:08:48,797:INFO:display_container: 2
2021-07-06 00:08:48,798:INFO:RandomForestClassifier(bootstrap=True, ccp_alpha=0.0, class_weight=None,
                       criterion='gini', max_depth=None, max_features='auto',
                       max_leaf_nodes=None, max_samples=None,
                       min_impurity_decrease=0.0, min_impurity_split=None,
                       min_samples_leaf=1, min_samples_split=2,
                       min_weight_fraction_leaf=0.0, n_estimators=100,
                       n_jobs=-1, oob_score=False, random_state=7959, verbose=0,
                       warm_start=False)
2021-07-06 00:08:48,798:INFO:create_model() succesfully completed......................................
2021-07-06 00:08:48,864:INFO:SubProcess create_model() end ==================================
2021-07-06 00:08:48,864:INFO:Creating metrics dataframe
2021-07-06 00:08:48,890:INFO:Initializing Quadratic Discriminant Analysis
2021-07-06 00:08:48,890:INFO:Total runtime is 0.10803346236546835 minutes
2021-07-06 00:08:48,900:INFO:SubProcess create_model() called ==================================
2021-07-06 00:08:48,900:INFO:Initializing create_model()
2021-07-06 00:08:48,900:INFO:create_model(estimator=qda, fold=StratifiedKFold(n_splits=10, random_state=None, shuffle=False), round=4, cross_validation=True, predict=True, fit_kwargs={}, groups=None, refit=False, verbose=False, system=False, metrics=None, display=<pycaret.internal.Display.Display object at 0x00000213B35D2AF0>, kwargs={})
2021-07-06 00:08:48,900:INFO:Checking exceptions
2021-07-06 00:08:48,900:INFO:Importing libraries
2021-07-06 00:08:48,900:INFO:Copying training dataset
2021-07-06 00:08:48,901:INFO:Defining folds
2021-07-06 00:08:48,901:INFO:Declaring metric variables
2021-07-06 00:08:48,911:INFO:Importing untrained model
2021-07-06 00:08:48,922:INFO:Quadratic Discriminant Analysis Imported succesfully
2021-07-06 00:08:48,943:INFO:Starting cross validation
2021-07-06 00:08:48,944:INFO:Cross validating with StratifiedKFold(n_splits=10, random_state=None, shuffle=False), n_jobs=-1
2021-07-06 00:08:49,011:INFO:Calculating mean and std
2021-07-06 00:08:49,012:INFO:Creating metrics dataframe
2021-07-06 00:08:49,016:INFO:Uploading results into container
2021-07-06 00:08:49,016:INFO:Uploading model into container now
2021-07-06 00:08:49,017:INFO:create_model_container: 8
2021-07-06 00:08:49,017:INFO:master_model_container: 8
2021-07-06 00:08:49,017:INFO:display_container: 2
2021-07-06 00:08:49,017:INFO:QuadraticDiscriminantAnalysis(priors=None, reg_param=0.0,
                              store_covariance=False, tol=0.0001)
2021-07-06 00:08:49,017:INFO:create_model() succesfully completed......................................
2021-07-06 00:08:49,082:INFO:SubProcess create_model() end ==================================
2021-07-06 00:08:49,082:INFO:Creating metrics dataframe
2021-07-06 00:08:49,107:INFO:Initializing Ada Boost Classifier
2021-07-06 00:08:49,108:INFO:Total runtime is 0.11166456143061321 minutes
2021-07-06 00:08:49,117:INFO:SubProcess create_model() called ==================================
2021-07-06 00:08:49,118:INFO:Initializing create_model()
2021-07-06 00:08:49,118:INFO:create_model(estimator=ada, fold=StratifiedKFold(n_splits=10, random_state=None, shuffle=False), round=4, cross_validation=True, predict=True, fit_kwargs={}, groups=None, refit=False, verbose=False, system=False, metrics=None, display=<pycaret.internal.Display.Display object at 0x00000213B35D2AF0>, kwargs={})
2021-07-06 00:08:49,118:INFO:Checking exceptions
2021-07-06 00:08:49,118:INFO:Importing libraries
2021-07-06 00:08:49,118:INFO:Copying training dataset
2021-07-06 00:08:49,119:INFO:Defining folds
2021-07-06 00:08:49,119:INFO:Declaring metric variables
2021-07-06 00:08:49,129:INFO:Importing untrained model
2021-07-06 00:08:49,140:INFO:Ada Boost Classifier Imported succesfully
2021-07-06 00:08:49,160:INFO:Starting cross validation
2021-07-06 00:08:49,161:INFO:Cross validating with StratifiedKFold(n_splits=10, random_state=None, shuffle=False), n_jobs=-1
2021-07-06 00:08:49,577:INFO:Calculating mean and std
2021-07-06 00:08:49,578:INFO:Creating metrics dataframe
2021-07-06 00:08:49,583:INFO:Uploading results into container
2021-07-06 00:08:49,583:INFO:Uploading model into container now
2021-07-06 00:08:49,583:INFO:create_model_container: 9
2021-07-06 00:08:49,584:INFO:master_model_container: 9
2021-07-06 00:08:49,584:INFO:display_container: 2
2021-07-06 00:08:49,584:INFO:AdaBoostClassifier(algorithm='SAMME.R', base_estimator=None, learning_rate=1.0,
                   n_estimators=50, random_state=7959)
2021-07-06 00:08:49,584:INFO:create_model() succesfully completed......................................
2021-07-06 00:08:49,651:INFO:SubProcess create_model() end ==================================
2021-07-06 00:08:49,651:INFO:Creating metrics dataframe
2021-07-06 00:08:49,679:INFO:Initializing Gradient Boosting Classifier
2021-07-06 00:08:49,679:INFO:Total runtime is 0.12117537260055543 minutes
2021-07-06 00:08:49,689:INFO:SubProcess create_model() called ==================================
2021-07-06 00:08:49,690:INFO:Initializing create_model()
2021-07-06 00:08:49,690:INFO:create_model(estimator=gbc, fold=StratifiedKFold(n_splits=10, random_state=None, shuffle=False), round=4, cross_validation=True, predict=True, fit_kwargs={}, groups=None, refit=False, verbose=False, system=False, metrics=None, display=<pycaret.internal.Display.Display object at 0x00000213B35D2AF0>, kwargs={})
2021-07-06 00:08:49,690:INFO:Checking exceptions
2021-07-06 00:08:49,690:INFO:Importing libraries
2021-07-06 00:08:49,690:INFO:Copying training dataset
2021-07-06 00:08:49,691:INFO:Defining folds
2021-07-06 00:08:49,691:INFO:Declaring metric variables
2021-07-06 00:08:49,703:INFO:Importing untrained model
2021-07-06 00:08:49,714:INFO:Gradient Boosting Classifier Imported succesfully
2021-07-06 00:08:49,735:INFO:Starting cross validation
2021-07-06 00:08:49,735:INFO:Cross validating with StratifiedKFold(n_splits=10, random_state=None, shuffle=False), n_jobs=-1
2021-07-06 00:08:50,116:INFO:Calculating mean and std
2021-07-06 00:08:50,118:INFO:Creating metrics dataframe
2021-07-06 00:08:50,123:INFO:Uploading results into container
2021-07-06 00:08:50,123:INFO:Uploading model into container now
2021-07-06 00:08:50,123:INFO:create_model_container: 10
2021-07-06 00:08:50,123:INFO:master_model_container: 10
2021-07-06 00:08:50,123:INFO:display_container: 2
2021-07-06 00:08:50,124:INFO:GradientBoostingClassifier(ccp_alpha=0.0, criterion='friedman_mse', init=None,
                           learning_rate=0.1, loss='deviance', max_depth=3,
                           max_features=None, max_leaf_nodes=None,
                           min_impurity_decrease=0.0, min_impurity_split=None,
                           min_samples_leaf=1, min_samples_split=2,
                           min_weight_fraction_leaf=0.0, n_estimators=100,
                           n_iter_no_change=None, presort='deprecated',
                           random_state=7959, subsample=1.0, tol=0.0001,
                           validation_fraction=0.1, verbose=0,
                           warm_start=False)
2021-07-06 00:08:50,124:INFO:create_model() succesfully completed......................................
2021-07-06 00:08:50,187:INFO:SubProcess create_model() end ==================================
2021-07-06 00:08:50,188:INFO:Creating metrics dataframe
2021-07-06 00:08:50,214:INFO:Initializing Linear Discriminant Analysis
2021-07-06 00:08:50,214:INFO:Total runtime is 0.13008654912312825 minutes
2021-07-06 00:08:50,225:INFO:SubProcess create_model() called ==================================
2021-07-06 00:08:50,225:INFO:Initializing create_model()
2021-07-06 00:08:50,226:INFO:create_model(estimator=lda, fold=StratifiedKFold(n_splits=10, random_state=None, shuffle=False), round=4, cross_validation=True, predict=True, fit_kwargs={}, groups=None, refit=False, verbose=False, system=False, metrics=None, display=<pycaret.internal.Display.Display object at 0x00000213B35D2AF0>, kwargs={})
2021-07-06 00:08:50,226:INFO:Checking exceptions
2021-07-06 00:08:50,226:INFO:Importing libraries
2021-07-06 00:08:50,226:INFO:Copying training dataset
2021-07-06 00:08:50,227:INFO:Defining folds
2021-07-06 00:08:50,227:INFO:Declaring metric variables
2021-07-06 00:08:50,237:INFO:Importing untrained model
2021-07-06 00:08:50,247:INFO:Linear Discriminant Analysis Imported succesfully
2021-07-06 00:08:50,267:INFO:Starting cross validation
2021-07-06 00:08:50,268:INFO:Cross validating with StratifiedKFold(n_splits=10, random_state=None, shuffle=False), n_jobs=-1
2021-07-06 00:08:50,328:INFO:Calculating mean and std
2021-07-06 00:08:50,329:INFO:Creating metrics dataframe
2021-07-06 00:08:50,334:INFO:Uploading results into container
2021-07-06 00:08:50,334:INFO:Uploading model into container now
2021-07-06 00:08:50,334:INFO:create_model_container: 11
2021-07-06 00:08:50,334:INFO:master_model_container: 11
2021-07-06 00:08:50,334:INFO:display_container: 2
2021-07-06 00:08:50,335:INFO:LinearDiscriminantAnalysis(n_components=None, priors=None, shrinkage=None,
                           solver='svd', store_covariance=False, tol=0.0001)
2021-07-06 00:08:50,335:INFO:create_model() succesfully completed......................................
2021-07-06 00:08:50,400:INFO:SubProcess create_model() end ==================================
2021-07-06 00:08:50,401:INFO:Creating metrics dataframe
2021-07-06 00:08:50,428:INFO:Initializing Extra Trees Classifier
2021-07-06 00:08:50,428:INFO:Total runtime is 0.13366775115331014 minutes
2021-07-06 00:08:50,438:INFO:SubProcess create_model() called ==================================
2021-07-06 00:08:50,438:INFO:Initializing create_model()
2021-07-06 00:08:50,439:INFO:create_model(estimator=et, fold=StratifiedKFold(n_splits=10, random_state=None, shuffle=False), round=4, cross_validation=True, predict=True, fit_kwargs={}, groups=None, refit=False, verbose=False, system=False, metrics=None, display=<pycaret.internal.Display.Display object at 0x00000213B35D2AF0>, kwargs={})
2021-07-06 00:08:50,439:INFO:Checking exceptions
2021-07-06 00:08:50,439:INFO:Importing libraries
2021-07-06 00:08:50,439:INFO:Copying training dataset
2021-07-06 00:08:50,440:INFO:Defining folds
2021-07-06 00:08:50,440:INFO:Declaring metric variables
2021-07-06 00:08:50,448:INFO:Importing untrained model
2021-07-06 00:08:50,462:INFO:Extra Trees Classifier Imported succesfully
2021-07-06 00:08:50,482:INFO:Starting cross validation
2021-07-06 00:08:50,482:INFO:Cross validating with StratifiedKFold(n_splits=10, random_state=None, shuffle=False), n_jobs=-1
2021-07-06 00:08:51,258:INFO:Calculating mean and std
2021-07-06 00:08:51,259:INFO:Creating metrics dataframe
2021-07-06 00:08:51,263:INFO:Uploading results into container
2021-07-06 00:08:51,263:INFO:Uploading model into container now
2021-07-06 00:08:51,264:INFO:create_model_container: 12
2021-07-06 00:08:51,264:INFO:master_model_container: 12
2021-07-06 00:08:51,264:INFO:display_container: 2
2021-07-06 00:08:51,264:INFO:ExtraTreesClassifier(bootstrap=False, ccp_alpha=0.0, class_weight=None,
                     criterion='gini', max_depth=None, max_features='auto',
                     max_leaf_nodes=None, max_samples=None,
                     min_impurity_decrease=0.0, min_impurity_split=None,
                     min_samples_leaf=1, min_samples_split=2,
                     min_weight_fraction_leaf=0.0, n_estimators=100, n_jobs=-1,
                     oob_score=False, random_state=7959, verbose=0,
                     warm_start=False)
2021-07-06 00:08:51,264:INFO:create_model() succesfully completed......................................
2021-07-06 00:08:51,330:INFO:SubProcess create_model() end ==================================
2021-07-06 00:08:51,330:INFO:Creating metrics dataframe
2021-07-06 00:08:51,359:INFO:Initializing Light Gradient Boosting Machine
2021-07-06 00:08:51,360:INFO:Total runtime is 0.14919145901997885 minutes
2021-07-06 00:08:51,370:INFO:SubProcess create_model() called ==================================
2021-07-06 00:08:51,371:INFO:Initializing create_model()
2021-07-06 00:08:51,371:INFO:create_model(estimator=lightgbm, fold=StratifiedKFold(n_splits=10, random_state=None, shuffle=False), round=4, cross_validation=True, predict=True, fit_kwargs={}, groups=None, refit=False, verbose=False, system=False, metrics=None, display=<pycaret.internal.Display.Display object at 0x00000213B35D2AF0>, kwargs={})
2021-07-06 00:08:51,371:INFO:Checking exceptions
2021-07-06 00:08:51,371:INFO:Importing libraries
2021-07-06 00:08:51,371:INFO:Copying training dataset
2021-07-06 00:08:51,372:INFO:Defining folds
2021-07-06 00:08:51,372:INFO:Declaring metric variables
2021-07-06 00:08:51,383:INFO:Importing untrained model
2021-07-06 00:08:51,394:INFO:Light Gradient Boosting Machine Imported succesfully
2021-07-06 00:08:51,415:INFO:Starting cross validation
2021-07-06 00:08:51,416:INFO:Cross validating with StratifiedKFold(n_splits=10, random_state=None, shuffle=False), n_jobs=-1
2021-07-06 00:08:52,319:INFO:Calculating mean and std
2021-07-06 00:08:52,320:INFO:Creating metrics dataframe
2021-07-06 00:08:52,325:INFO:Uploading results into container
2021-07-06 00:08:52,325:INFO:Uploading model into container now
2021-07-06 00:08:52,325:INFO:create_model_container: 13
2021-07-06 00:08:52,325:INFO:master_model_container: 13
2021-07-06 00:08:52,325:INFO:display_container: 2
2021-07-06 00:08:52,326:INFO:LGBMClassifier(boosting_type='gbdt', class_weight=None, colsample_bytree=1.0,
               importance_type='split', learning_rate=0.1, max_depth=-1,
               min_child_samples=20, min_child_weight=0.001, min_split_gain=0.0,
               n_estimators=100, n_jobs=-1, num_leaves=31, objective=None,
               random_state=7959, reg_alpha=0.0, reg_lambda=0.0, silent=True,
               subsample=1.0, subsample_for_bin=200000, subsample_freq=0)
2021-07-06 00:08:52,327:INFO:create_model() succesfully completed......................................
2021-07-06 00:08:52,394:INFO:SubProcess create_model() end ==================================
2021-07-06 00:08:52,394:INFO:Creating metrics dataframe
2021-07-06 00:08:52,447:INFO:Initializing create_model()
2021-07-06 00:08:52,447:INFO:create_model(estimator=LogisticRegression(C=1.0, class_weight=None, dual=False, fit_intercept=True,
                   intercept_scaling=1, l1_ratio=None, max_iter=1000,
                   multi_class='auto', n_jobs=None, penalty='l2',
                   random_state=7959, solver='lbfgs', tol=0.0001, verbose=0,
                   warm_start=False), fold=StratifiedKFold(n_splits=10, random_state=None, shuffle=False), round=4, cross_validation=False, predict=False, fit_kwargs={}, groups=None, refit=True, verbose=False, system=False, metrics=None, display=None, kwargs={})
2021-07-06 00:08:52,448:INFO:Checking exceptions
2021-07-06 00:08:52,448:INFO:Importing libraries
2021-07-06 00:08:52,448:INFO:Copying training dataset
2021-07-06 00:08:52,448:INFO:Defining folds
2021-07-06 00:08:52,448:INFO:Declaring metric variables
2021-07-06 00:08:52,449:INFO:Importing untrained model
2021-07-06 00:08:52,449:INFO:Declaring custom model
2021-07-06 00:08:52,450:INFO:Logistic Regression Imported succesfully
2021-07-06 00:08:52,450:INFO:Cross validation set to False
2021-07-06 00:08:52,450:INFO:Fitting Model
2021-07-06 00:08:52,527:INFO:LogisticRegression(C=1.0, class_weight=None, dual=False, fit_intercept=True,
                   intercept_scaling=1, l1_ratio=None, max_iter=1000,
                   multi_class='auto', n_jobs=None, penalty='l2',
                   random_state=7959, solver='lbfgs', tol=0.0001, verbose=0,
                   warm_start=False)
2021-07-06 00:08:52,527:INFO:create_models() succesfully completed......................................
2021-07-06 00:08:52,648:INFO:create_model_container: 13
2021-07-06 00:08:52,648:INFO:master_model_container: 13
2021-07-06 00:08:52,648:INFO:display_container: 2
2021-07-06 00:08:52,649:INFO:LogisticRegression(C=1.0, class_weight=None, dual=False, fit_intercept=True,
                   intercept_scaling=1, l1_ratio=None, max_iter=1000,
                   multi_class='auto', n_jobs=None, penalty='l2',
                   random_state=7959, solver='lbfgs', tol=0.0001, verbose=0,
                   warm_start=False)
2021-07-06 00:08:52,649:INFO:compare_models() succesfully completed......................................
2021-07-06 00:08:52,662:INFO:Initializing predict_model()
2021-07-06 00:08:52,662:INFO:predict_model(estimator=LogisticRegression(C=1.0, class_weight=None, dual=False, fit_intercept=True,
                   intercept_scaling=1, l1_ratio=None, max_iter=1000,
                   multi_class='auto', n_jobs=None, penalty='l2',
                   random_state=7959, solver='lbfgs', tol=0.0001, verbose=0,
                   warm_start=False), probability_threshold=None, encoded_labels=False, raw_score=False, round=4, verbose=True, ml_usecase=MLUsecase.CLASSIFICATION, display=None)
2021-07-06 00:08:52,663:INFO:Checking exceptions
2021-07-06 00:08:52,663:INFO:Preloading libraries
2021-07-06 00:08:52,663:INFO:Preparing display monitor
2021-07-06 00:08:52,855:INFO:Initializing plot_model()
2021-07-06 00:08:52,855:INFO:plot_model(plot=auc, fold=None, use_train_data=False, verbose=True, is_in_evaluate=False, display=None, display_format=None, estimator=LogisticRegression(C=1.0, class_weight=None, dual=False, fit_intercept=True,
                   intercept_scaling=1, l1_ratio=None, max_iter=1000,
                   multi_class='auto', n_jobs=None, penalty='l2',
                   random_state=7959, solver='lbfgs', tol=0.0001, verbose=0,
                   warm_start=False), feature_name=None, fit_kwargs=None, groups=None, label=False, save=False, scale=1, system=True)
2021-07-06 00:08:52,855:INFO:Checking exceptions
2021-07-06 00:08:52,856:INFO:Preparing display monitor
2021-07-06 00:08:52,864:INFO:Preloading libraries
2021-07-06 00:08:52,865:INFO:Copying training dataset
2021-07-06 00:08:52,866:INFO:Copying test dataset
2021-07-06 00:08:52,867:INFO:Plot type: auc
2021-07-06 00:08:52,918:INFO:Fitting Model
2021-07-06 00:08:52,920:INFO:Scoring test/hold-out set
2021-07-06 00:08:53,272:INFO:Visual Rendered Successfully
2021-07-06 00:08:53,339:INFO:plot_model() succesfully completed......................................
2021-07-06 00:09:31,995:INFO:Initializing plot_model()
2021-07-06 00:09:31,995:INFO:plot_model(plot=reason, fold=None, use_train_data=False, verbose=True, is_in_evaluate=False, display=None, display_format=None, estimator=LogisticRegression(C=1.0, class_weight=None, dual=False, fit_intercept=True,
                   intercept_scaling=1, l1_ratio=None, max_iter=1000,
                   multi_class='auto', n_jobs=None, penalty='l2',
                   random_state=7959, solver='lbfgs', tol=0.0001, verbose=0,
                   warm_start=False), feature_name=None, fit_kwargs=None, groups=None, label=False, save=False, scale=1, system=True)
2021-07-06 00:09:31,995:INFO:Checking exceptions
2021-07-06 00:09:39,803:INFO:Initializing plot_model()
2021-07-06 00:09:39,803:INFO:plot_model(plot=pdp, fold=None, use_train_data=False, verbose=True, is_in_evaluate=False, display=None, display_format=None, estimator=LogisticRegression(C=1.0, class_weight=None, dual=False, fit_intercept=True,
                   intercept_scaling=1, l1_ratio=None, max_iter=1000,
                   multi_class='auto', n_jobs=None, penalty='l2',
                   random_state=7959, solver='lbfgs', tol=0.0001, verbose=0,
                   warm_start=False), feature_name=None, fit_kwargs=None, groups=None, label=False, save=False, scale=1, system=True)
2021-07-06 00:09:39,803:INFO:Checking exceptions
2021-07-06 00:09:45,941:INFO:Initializing plot_model()
2021-07-06 00:09:45,941:INFO:plot_model(plot=summary, fold=None, use_train_data=False, verbose=True, is_in_evaluate=False, display=None, display_format=None, estimator=LogisticRegression(C=1.0, class_weight=None, dual=False, fit_intercept=True,
                   intercept_scaling=1, l1_ratio=None, max_iter=1000,
                   multi_class='auto', n_jobs=None, penalty='l2',
                   random_state=7959, solver='lbfgs', tol=0.0001, verbose=0,
                   warm_start=False), feature_name=None, fit_kwargs=None, groups=None, label=False, save=False, scale=1, system=True)
2021-07-06 00:09:45,942:INFO:Checking exceptions
2021-07-06 00:09:49,927:INFO:Initializing plot_model()
2021-07-06 00:09:49,927:INFO:plot_model(plot=correlation, fold=None, use_train_data=False, verbose=True, is_in_evaluate=False, display=None, display_format=None, estimator=LogisticRegression(C=1.0, class_weight=None, dual=False, fit_intercept=True,
                   intercept_scaling=1, l1_ratio=None, max_iter=1000,
                   multi_class='auto', n_jobs=None, penalty='l2',
                   random_state=7959, solver='lbfgs', tol=0.0001, verbose=0,
                   warm_start=False), feature_name=None, fit_kwargs=None, groups=None, label=False, save=False, scale=1, system=True)
2021-07-06 00:09:49,927:INFO:Checking exceptions
2021-07-06 00:09:55,006:INFO:Initializing plot_model()
2021-07-06 00:09:55,007:INFO:plot_model(plot=auc, fold=None, use_train_data=False, verbose=True, is_in_evaluate=False, display=None, display_format=None, estimator=LogisticRegression(C=1.0, class_weight=None, dual=False, fit_intercept=True,
                   intercept_scaling=1, l1_ratio=None, max_iter=1000,
                   multi_class='auto', n_jobs=None, penalty='l2',
                   random_state=7959, solver='lbfgs', tol=0.0001, verbose=0,
                   warm_start=False), feature_name=None, fit_kwargs=None, groups=None, label=False, save=False, scale=1, system=True)
2021-07-06 00:09:55,007:INFO:Checking exceptions
2021-07-06 00:09:55,008:INFO:Preparing display monitor
2021-07-06 00:09:55,016:INFO:Preloading libraries
2021-07-06 00:09:55,018:INFO:Copying training dataset
2021-07-06 00:09:55,018:INFO:Copying test dataset
2021-07-06 00:09:55,018:INFO:Plot type: auc
2021-07-06 00:09:55,021:INFO:Fitting Model
2021-07-06 00:09:55,022:INFO:Scoring test/hold-out set
2021-07-06 00:09:55,301:INFO:Visual Rendered Successfully
2021-07-06 00:09:55,369:INFO:plot_model() succesfully completed......................................
